h:\ragnarok online plus\ragnarok online plus\roplus\vcproj-17\login-server\debug\grammar.obj
h:\ragnarok online plus\ragnarok online plus\roplus\vcproj-17\login-server\debug\hpm.obj
h:\ragnarok online plus\ragnarok online plus\roplus\vcproj-17\login-server\debug\strbuf.obj
h:\ragnarok online plus\ragnarok online plus\roplus\vcproj-17\login-server\debug\packets.obj
h:\ragnarok online plus\ragnarok online plus\roplus\vcproj-17\login-server\debug\ers.obj
h:\ragnarok online plus\ragnarok online plus\roplus\vcproj-17\login-server\debug\memmgr.obj
h:\ragnarok online plus\ragnarok online plus\roplus\vcproj-17\login-server\debug\strlib.obj
h:\ragnarok online plus\ragnarok online plus\roplus\vcproj-17\login-server\debug\conf.obj
h:\ragnarok online plus\ragnarok online plus\roplus\vcproj-17\login-server\debug\db.obj
h:\ragnarok online plus\ragnarok online plus\roplus\vcproj-17\login-server\debug\md5calc.obj
h:\ragnarok online plus\ragnarok online plus\roplus\vcproj-17\login-server\debug\timer.obj
h:\ragnarok online plus\ragnarok online plus\roplus\vcproj-17\login-server\debug\mutex.obj
h:\ragnarok online plus\ragnarok online plus\roplus\vcproj-17\login-server\debug\core.obj
h:\ragnarok online plus\ragnarok online plus\roplus\vcproj-17\login-server\debug\mt19937ar.obj
h:\ragnarok online plus\ragnarok online plus\roplus\vcproj-17\login-server\debug\scanctx.obj
h:\ragnarok online plus\ragnarok online plus\roplus\vcproj-17\login-server\debug\showmsg.obj
h:\ragnarok online plus\ragnarok online plus\roplus\vcproj-17\login-server\debug\libconfig.obj
h:\ragnarok online plus\ragnarok online plus\roplus\vcproj-17\login-server\debug\nullpo.obj
h:\ragnarok online plus\ragnarok online plus\roplus\vcproj-17\login-server\debug\utils.obj
h:\ragnarok online plus\ragnarok online plus\roplus\vcproj-17\login-server\debug\ipban.obj
h:\ragnarok online plus\ragnarok online plus\roplus\vcproj-17\login-server\debug\grfio.obj
h:\ragnarok online plus\ragnarok online plus\roplus\vcproj-17\login-server\debug\random.obj
h:\ragnarok online plus\ragnarok online plus\roplus\vcproj-17\login-server\debug\login.obj
h:\ragnarok online plus\ragnarok online plus\roplus\vcproj-17\login-server\debug\loginlog.obj
h:\ragnarok online plus\ragnarok online plus\roplus\vcproj-17\login-server\debug\sysinfo.obj
h:\ragnarok online plus\ragnarok online plus\roplus\vcproj-17\login-server\debug\thread.obj
h:\ragnarok online plus\ragnarok online plus\roplus\vcproj-17\login-server\debug\socket.obj
h:\ragnarok online plus\ragnarok online plus\roplus\vcproj-17\login-server\debug\scanner.obj
h:\ragnarok online plus\ragnarok online plus\roplus\vcproj-17\login-server\debug\sql.obj
h:\ragnarok online plus\ragnarok online plus\roplus\vcproj-17\login-server\debug\des.obj
h:\ragnarok online plus\ragnarok online plus\roplus\vcproj-17\login-server\debug\console.obj
h:\ragnarok online plus\ragnarok online plus\roplus\vcproj-17\login-server\debug\account.obj
h:\ragnarok online plus\ragnarok online plus\roplus\vcproj-17\login-server\debug\lclif.obj
h:\ragnarok online plus\ragnarok online plus\roplus\vcproj-17\login-server\debug\hpmlogin.obj
h:\ragnarok online plus\ragnarok online plus\roplus\vcproj-17\login-server\debug\vc143.pdb
h:\ragnarok online plus\ragnarok online plus\roplus\vcproj-17\login-server\debug\login-server.ilk
h:\ragnarok online plus\ragnarok online plus\roplus\login-server.exe
h:\ragnarok online plus\ragnarok online plus\roplus\login-server.pdb
h:\ragnarok online plus\ragnarok online plus\roplus\vcproj-17\login-server\debug\vc143.idb
h:\ragnarok online plus\ragnarok online plus\roplus\vcproj-17\login-server\debug\login-server.tlog\cl.16688.write.1.tlog
h:\ragnarok online plus\ragnarok online plus\roplus\vcproj-17\login-server\debug\login-server.tlog\cl.command.1.tlog
h:\ragnarok online plus\ragnarok online plus\roplus\vcproj-17\login-server\debug\login-server.tlog\cl.read.1.tlog
h:\ragnarok online plus\ragnarok online plus\roplus\vcproj-17\login-server\debug\login-server.tlog\link.command.1.tlog
h:\ragnarok online plus\ragnarok online plus\roplus\vcproj-17\login-server\debug\login-server.tlog\link.read.1.tlog
h:\ragnarok online plus\ragnarok online plus\roplus\vcproj-17\login-server\debug\login-server.tlog\link.write.1.tlog
h:\ragnarok online plus\ragnarok online plus\roplus\vcproj-17\login-server\debug\login-server.tlog\..\login-server.ilk
