h:\ragnarok online plus\ragnarok online plus\roplus\vcproj-17\map-server\debug\vc143.pdb
h:\ragnarok online plus\ragnarok online plus\roplus\vcproj-17\map-server\debug\vc143.idb
h:\ragnarok online plus\ragnarok online plus\roplus\vcproj-17\map-server\debug\nullpo.obj
h:\ragnarok online plus\ragnarok online plus\roplus\vcproj-17\map-server\debug\mutex.obj
h:\ragnarok online plus\ragnarok online plus\roplus\vcproj-17\map-server\debug\md5calc.obj
h:\ragnarok online plus\ragnarok online plus\roplus\vcproj-17\map-server\debug\mapindex.obj
h:\ragnarok online plus\ragnarok online plus\roplus\vcproj-17\map-server\debug\memmgr.obj
h:\ragnarok online plus\ragnarok online plus\roplus\vcproj-17\map-server\debug\hpm.obj
h:\ragnarok online plus\ragnarok online plus\roplus\vcproj-17\map-server\debug\grfio.obj
h:\ragnarok online plus\ragnarok online plus\roplus\vcproj-17\map-server\debug\ers.obj
h:\ragnarok online plus\ragnarok online plus\roplus\vcproj-17\map-server\debug\des.obj
h:\ragnarok online plus\ragnarok online plus\roplus\vcproj-17\map-server\debug\db.obj
h:\ragnarok online plus\ragnarok online plus\roplus\vcproj-17\map-server\debug\console.obj
h:\ragnarok online plus\ragnarok online plus\roplus\vcproj-17\map-server\debug\packets.obj
h:\ragnarok online plus\ragnarok online plus\roplus\vcproj-17\map-server\debug\core.obj
h:\ragnarok online plus\ragnarok online plus\roplus\vcproj-17\map-server\debug\conf.obj
h:\ragnarok online plus\ragnarok online plus\roplus\vcproj-17\map-server\debug\mt19937ar.obj
h:\ragnarok online plus\ragnarok online plus\roplus\vcproj-17\map-server\debug\strbuf.obj
h:\ragnarok online plus\ragnarok online plus\roplus\vcproj-17\map-server\debug\scanner.obj
h:\ragnarok online plus\ragnarok online plus\roplus\vcproj-17\map-server\debug\scanctx.obj
h:\ragnarok online plus\ragnarok online plus\roplus\vcproj-17\map-server\debug\libconfig.obj
h:\ragnarok online plus\ragnarok online plus\roplus\vcproj-17\map-server\debug\grammar.obj
h:\ragnarok online plus\ragnarok online plus\roplus\vcproj-17\map-server\debug\date.obj
h:\ragnarok online plus\ragnarok online plus\roplus\vcproj-17\map-server\debug\clif.obj
h:\ragnarok online plus\ragnarok online plus\roplus\vcproj-17\map-server\debug\clan.obj
h:\ragnarok online plus\ragnarok online plus\roplus\vcproj-17\map-server\debug\chrif.obj
h:\ragnarok online plus\ragnarok online plus\roplus\vcproj-17\map-server\debug\chat.obj
h:\ragnarok online plus\ragnarok online plus\roplus\vcproj-17\map-server\debug\channel.obj
h:\ragnarok online plus\ragnarok online plus\roplus\vcproj-17\map-server\debug\buyingstore.obj
h:\ragnarok online plus\ragnarok online plus\roplus\vcproj-17\map-server\debug\battleground.obj
h:\ragnarok online plus\ragnarok online plus\roplus\vcproj-17\map-server\debug\battle.obj
h:\ragnarok online plus\ragnarok online plus\roplus\vcproj-17\map-server\debug\atcommand.obj
h:\ragnarok online plus\ragnarok online plus\roplus\vcproj-17\map-server\debug\achievement.obj
h:\ragnarok online plus\ragnarok online plus\roplus\vcproj-17\map-server\debug\utils.obj
h:\ragnarok online plus\ragnarok online plus\roplus\vcproj-17\map-server\debug\timer.obj
h:\ragnarok online plus\ragnarok online plus\roplus\vcproj-17\map-server\debug\thread.obj
h:\ragnarok online plus\ragnarok online plus\roplus\vcproj-17\map-server\debug\sysinfo.obj
h:\ragnarok online plus\ragnarok online plus\roplus\vcproj-17\map-server\debug\strlib.obj
h:\ragnarok online plus\ragnarok online plus\roplus\vcproj-17\map-server\debug\sql.obj
h:\ragnarok online plus\ragnarok online plus\roplus\vcproj-17\map-server\debug\socket.obj
h:\ragnarok online plus\ragnarok online plus\roplus\vcproj-17\map-server\debug\showmsg.obj
h:\ragnarok online plus\ragnarok online plus\roplus\vcproj-17\map-server\debug\random.obj
h:\ragnarok online plus\ragnarok online plus\roplus\vcproj-17\map-server\debug\path.obj
h:\ragnarok online plus\ragnarok online plus\roplus\vcproj-17\map-server\debug\party.obj
h:\ragnarok online plus\ragnarok online plus\roplus\vcproj-17\map-server\debug\npc_chat.obj
h:\ragnarok online plus\ragnarok online plus\roplus\vcproj-17\map-server\debug\npc.obj
h:\ragnarok online plus\ragnarok online plus\roplus\vcproj-17\map-server\debug\mob.obj
h:\ragnarok online plus\ragnarok online plus\roplus\vcproj-17\map-server\debug\mercenary.obj
h:\ragnarok online plus\ragnarok online plus\roplus\vcproj-17\map-server\debug\instance.obj
h:\ragnarok online plus\ragnarok online plus\roplus\vcproj-17\map-server\debug\hpmmap.obj
h:\ragnarok online plus\ragnarok online plus\roplus\vcproj-17\map-server\debug\homunculus.obj
h:\ragnarok online plus\ragnarok online plus\roplus\vcproj-17\map-server\debug\mapreg_sql.obj
h:\ragnarok online plus\ragnarok online plus\roplus\vcproj-17\map-server\debug\map.obj
h:\ragnarok online plus\ragnarok online plus\roplus\vcproj-17\map-server\debug\mail.obj
h:\ragnarok online plus\ragnarok online plus\roplus\vcproj-17\map-server\debug\macro.obj
h:\ragnarok online plus\ragnarok online plus\roplus\vcproj-17\map-server\debug\log.obj
h:\ragnarok online plus\ragnarok online plus\roplus\vcproj-17\map-server\debug\itemdb.obj
h:\ragnarok online plus\ragnarok online plus\roplus\vcproj-17\map-server\debug\irc-bot.obj
h:\ragnarok online plus\ragnarok online plus\roplus\vcproj-17\map-server\debug\intif.obj
h:\ragnarok online plus\ragnarok online plus\roplus\vcproj-17\map-server\debug\guild.obj
h:\ragnarok online plus\ragnarok online plus\roplus\vcproj-17\map-server\debug\elemental.obj
h:\ragnarok online plus\ragnarok online plus\roplus\vcproj-17\map-server\debug\duel.obj
h:\ragnarok online plus\ragnarok online plus\roplus\vcproj-17\map-server\debug\vending.obj
h:\ragnarok online plus\ragnarok online plus\roplus\vcproj-17\map-server\debug\unit.obj
h:\ragnarok online plus\ragnarok online plus\roplus\vcproj-17\map-server\debug\trade.obj
h:\ragnarok online plus\ragnarok online plus\roplus\vcproj-17\map-server\debug\stylist.obj
h:\ragnarok online plus\ragnarok online plus\roplus\vcproj-17\map-server\debug\storage.obj
h:\ragnarok online plus\ragnarok online plus\roplus\vcproj-17\map-server\debug\status.obj
h:\ragnarok online plus\ragnarok online plus\roplus\vcproj-17\map-server\debug\skill.obj
h:\ragnarok online plus\ragnarok online plus\roplus\vcproj-17\map-server\debug\searchstore.obj
h:\ragnarok online plus\ragnarok online plus\roplus\vcproj-17\map-server\debug\script.obj
h:\ragnarok online plus\ragnarok online plus\roplus\vcproj-17\map-server\debug\rodex.obj
h:\ragnarok online plus\ragnarok online plus\roplus\vcproj-17\map-server\debug\refine.obj
h:\ragnarok online plus\ragnarok online plus\roplus\vcproj-17\map-server\debug\quest.obj
h:\ragnarok online plus\ragnarok online plus\roplus\vcproj-17\map-server\debug\pet.obj
h:\ragnarok online plus\ragnarok online plus\roplus\vcproj-17\map-server\debug\pc_groups.obj
h:\ragnarok online plus\ragnarok online plus\roplus\vcproj-17\map-server\debug\pc.obj
h:\ragnarok online plus\ragnarok online plus\roplus\vcproj-17\map-server\debug\map-server.ilk
h:\ragnarok online plus\ragnarok online plus\roplus\map-server.exe
h:\ragnarok online plus\ragnarok online plus\roplus\map-server.pdb
h:\ragnarok online plus\ragnarok online plus\roplus\vcproj-17\map-server\debug\map-server.tlog\cl.command.1.tlog
h:\ragnarok online plus\ragnarok online plus\roplus\vcproj-17\map-server\debug\map-server.tlog\cl.read.1.tlog
h:\ragnarok online plus\ragnarok online plus\roplus\vcproj-17\map-server\debug\map-server.tlog\cl.write.1.tlog
h:\ragnarok online plus\ragnarok online plus\roplus\vcproj-17\map-server\debug\map-server.tlog\link.command.1.tlog
h:\ragnarok online plus\ragnarok online plus\roplus\vcproj-17\map-server\debug\map-server.tlog\link.read.1.tlog
h:\ragnarok online plus\ragnarok online plus\roplus\vcproj-17\map-server\debug\map-server.tlog\link.write.1.tlog
h:\ragnarok online plus\ragnarok online plus\roplus\vcproj-17\map-server\debug\map-server.tlog\..\map-server.ilk
