h:\ragnarok online plus\ragnarok online plus\roplus\vcproj-17\char-server\debug\vc143.pdb
h:\ragnarok online plus\ragnarok online plus\roplus\vcproj-17\char-server\debug\vc143.idb
h:\ragnarok online plus\ragnarok online plus\roplus\vcproj-17\char-server\debug\mutex.obj
h:\ragnarok online plus\ragnarok online plus\roplus\vcproj-17\char-server\debug\md5calc.obj
h:\ragnarok online plus\ragnarok online plus\roplus\vcproj-17\char-server\debug\mapindex.obj
h:\ragnarok online plus\ragnarok online plus\roplus\vcproj-17\char-server\debug\memmgr.obj
h:\ragnarok online plus\ragnarok online plus\roplus\vcproj-17\char-server\debug\hpm.obj
h:\ragnarok online plus\ragnarok online plus\roplus\vcproj-17\char-server\debug\grfio.obj
h:\ragnarok online plus\ragnarok online plus\roplus\vcproj-17\char-server\debug\ers.obj
h:\ragnarok online plus\ragnarok online plus\roplus\vcproj-17\char-server\debug\des.obj
h:\ragnarok online plus\ragnarok online plus\roplus\vcproj-17\char-server\debug\db.obj
h:\ragnarok online plus\ragnarok online plus\roplus\vcproj-17\char-server\debug\console.obj
h:\ragnarok online plus\ragnarok online plus\roplus\vcproj-17\char-server\debug\packets.obj
h:\ragnarok online plus\ragnarok online plus\roplus\vcproj-17\char-server\debug\core.obj
h:\ragnarok online plus\ragnarok online plus\roplus\vcproj-17\char-server\debug\conf.obj
h:\ragnarok online plus\ragnarok online plus\roplus\vcproj-17\char-server\debug\int_rodex.obj
h:\ragnarok online plus\ragnarok online plus\roplus\vcproj-17\char-server\debug\mt19937ar.obj
h:\ragnarok online plus\ragnarok online plus\roplus\vcproj-17\char-server\debug\strbuf.obj
h:\ragnarok online plus\ragnarok online plus\roplus\vcproj-17\char-server\debug\scanner.obj
h:\ragnarok online plus\ragnarok online plus\roplus\vcproj-17\char-server\debug\scanctx.obj
h:\ragnarok online plus\ragnarok online plus\roplus\vcproj-17\char-server\debug\libconfig.obj
h:\ragnarok online plus\ragnarok online plus\roplus\vcproj-17\char-server\debug\grammar.obj
h:\ragnarok online plus\ragnarok online plus\roplus\vcproj-17\char-server\debug\int_mail.obj
h:\ragnarok online plus\ragnarok online plus\roplus\vcproj-17\char-server\debug\int_homun.obj
h:\ragnarok online plus\ragnarok online plus\roplus\vcproj-17\char-server\debug\int_guild.obj
h:\ragnarok online plus\ragnarok online plus\roplus\vcproj-17\char-server\debug\int_elemental.obj
h:\ragnarok online plus\ragnarok online plus\roplus\vcproj-17\char-server\debug\int_clan.obj
h:\ragnarok online plus\ragnarok online plus\roplus\vcproj-17\char-server\debug\int_auction.obj
h:\ragnarok online plus\ragnarok online plus\roplus\vcproj-17\char-server\debug\int_achievement.obj
h:\ragnarok online plus\ragnarok online plus\roplus\vcproj-17\char-server\debug\geoip.obj
h:\ragnarok online plus\ragnarok online plus\roplus\vcproj-17\char-server\debug\char.obj
h:\ragnarok online plus\ragnarok online plus\roplus\vcproj-17\char-server\debug\hpmchar.obj
h:\ragnarok online plus\ragnarok online plus\roplus\vcproj-17\char-server\debug\utils.obj
h:\ragnarok online plus\ragnarok online plus\roplus\vcproj-17\char-server\debug\timer.obj
h:\ragnarok online plus\ragnarok online plus\roplus\vcproj-17\char-server\debug\thread.obj
h:\ragnarok online plus\ragnarok online plus\roplus\vcproj-17\char-server\debug\sysinfo.obj
h:\ragnarok online plus\ragnarok online plus\roplus\vcproj-17\char-server\debug\strlib.obj
h:\ragnarok online plus\ragnarok online plus\roplus\vcproj-17\char-server\debug\sql.obj
h:\ragnarok online plus\ragnarok online plus\roplus\vcproj-17\char-server\debug\socket.obj
h:\ragnarok online plus\ragnarok online plus\roplus\vcproj-17\char-server\debug\showmsg.obj
h:\ragnarok online plus\ragnarok online plus\roplus\vcproj-17\char-server\debug\random.obj
h:\ragnarok online plus\ragnarok online plus\roplus\vcproj-17\char-server\debug\nullpo.obj
h:\ragnarok online plus\ragnarok online plus\roplus\vcproj-17\char-server\debug\pincode.obj
h:\ragnarok online plus\ragnarok online plus\roplus\vcproj-17\char-server\debug\mapif.obj
h:\ragnarok online plus\ragnarok online plus\roplus\vcproj-17\char-server\debug\loginif.obj
h:\ragnarok online plus\ragnarok online plus\roplus\vcproj-17\char-server\debug\inter.obj
h:\ragnarok online plus\ragnarok online plus\roplus\vcproj-17\char-server\debug\int_storage.obj
h:\ragnarok online plus\ragnarok online plus\roplus\vcproj-17\char-server\debug\int_quest.obj
h:\ragnarok online plus\ragnarok online plus\roplus\vcproj-17\char-server\debug\int_pet.obj
h:\ragnarok online plus\ragnarok online plus\roplus\vcproj-17\char-server\debug\int_party.obj
h:\ragnarok online plus\ragnarok online plus\roplus\vcproj-17\char-server\debug\int_mercenary.obj
h:\ragnarok online plus\ragnarok online plus\roplus\vcproj-17\char-server\debug\char-server.ilk
h:\ragnarok online plus\ragnarok online plus\roplus\char-server.exe
h:\ragnarok online plus\ragnarok online plus\roplus\char-server.pdb
h:\ragnarok online plus\ragnarok online plus\roplus\vcproj-17\char-server\debug\char-server.tlog\cl.command.1.tlog
h:\ragnarok online plus\ragnarok online plus\roplus\vcproj-17\char-server\debug\char-server.tlog\cl.read.1.tlog
h:\ragnarok online plus\ragnarok online plus\roplus\vcproj-17\char-server\debug\char-server.tlog\cl.write.1.tlog
h:\ragnarok online plus\ragnarok online plus\roplus\vcproj-17\char-server\debug\char-server.tlog\link.command.1.tlog
h:\ragnarok online plus\ragnarok online plus\roplus\vcproj-17\char-server\debug\char-server.tlog\link.read.1.tlog
h:\ragnarok online plus\ragnarok online plus\roplus\vcproj-17\char-server\debug\char-server.tlog\link.write.1.tlog
h:\ragnarok online plus\ragnarok online plus\roplus\vcproj-17\char-server\debug\char-server.tlog\..\char-server.ilk
