  grammar.c
  libconfig.c
  scanctx.c
  scanner.c
  strbuf.c
  mt19937ar.c
  int_rodex.c
  conf.c
  core.c
  packets.c
  console.c
  db.c
  des.c
  ers.c
  grfio.c
C:\Users\bdonc\Desktop\junk\RO Devtools\Hercules-stable\src\common\grfio.c(520,23): warning C4244: 'function': conversion from 'int64' to 'long', possible loss of data
  HPM.c
  memmgr.c
  mapindex.c
  md5calc.c
  mutex.c
  Generating Code...
  Compiling...
  nullpo.c
  random.c
  showmsg.c
  socket.c
  sql.c
  strlib.c
  sysinfo.c
  thread.c
  timer.c
  utils.c
  HPMchar.c
  char.c
  geoip.c
  int_achievement.c
  int_auction.c
  int_clan.c
  int_elemental.c
  int_guild.c
  int_homun.c
  int_mail.c
  Generating Code...
  Compiling...
  int_mercenary.c
  int_party.c
  int_pet.c
  int_quest.c
  int_storage.c
  inter.c
  loginif.c
  mapif.c
  pincode.c
  Generating Code...
  char-server.vcxproj -> C:\Users\bdonc\Desktop\junk\RO Devtools\Hercules-stable\char-server.exe
